2023-09-08 23:16:58 [RSPPProject] error: uncaughtException: sequelize.define is not a function
TypeError: sequelize.define is not a function
    at module.exports (C:\Users\homehome\Desktop\projects\rsppproject\models\collect.js:3:20)
    at initModels (C:\Users\homehome\Desktop\projects\rsppproject\models\init-models.js:9:17)
    at Object.<anonymous> (C:\Users\homehome\Desktop\projects\rsppproject\index.js:18:47)
    at Module._compile (node:internal/modules/cjs/loader:1254:14)
    at Module._extensions..js (node:internal/modules/cjs/loader:1308:10)
    at Module.load (node:internal/modules/cjs/loader:1117:32)
    at Module._load (node:internal/modules/cjs/loader:958:12)
    at Function.executeUserEntryPoint [as runMain] (node:internal/modules/run_main:81:12)
    at node:internal/main/run_main_module:23:47
2023-09-08 23:17:17 [RSPPProject] error: uncaughtException: sequelize.define is not a function
TypeError: sequelize.define is not a function
    at module.exports (C:\Users\homehome\Desktop\projects\rsppproject\models\collect.js:3:20)
    at initModels (C:\Users\homehome\Desktop\projects\rsppproject\models\init-models.js:9:17)
    at Object.<anonymous> (C:\Users\homehome\Desktop\projects\rsppproject\index.js:18:47)
    at Module._compile (node:internal/modules/cjs/loader:1254:14)
    at Module._extensions..js (node:internal/modules/cjs/loader:1308:10)
    at Module.load (node:internal/modules/cjs/loader:1117:32)
    at Module._load (node:internal/modules/cjs/loader:958:12)
    at Function.executeUserEntryPoint [as runMain] (node:internal/modules/run_main:81:12)
    at node:internal/main/run_main_module:23:47
2023-09-08 23:17:41 [RSPPProject] error: uncaughtException: sequelize.define is not a function
TypeError: sequelize.define is not a function
    at module.exports (C:\Users\homehome\Desktop\projects\rsppproject\models\collect.js:3:20)
    at initModels (C:\Users\homehome\Desktop\projects\rsppproject\models\init-models.js:9:17)
    at Object.<anonymous> (C:\Users\homehome\Desktop\projects\rsppproject\index.js:18:47)
    at Module._compile (node:internal/modules/cjs/loader:1254:14)
    at Module._extensions..js (node:internal/modules/cjs/loader:1308:10)
    at Module.load (node:internal/modules/cjs/loader:1117:32)
    at Module._load (node:internal/modules/cjs/loader:958:12)
    at Function.executeUserEntryPoint [as runMain] (node:internal/modules/run_main:81:12)
    at node:internal/main/run_main_module:23:47
2023-09-08 23:24:05 [RSPPProject] error: uncaughtException: sessions is not defined
ReferenceError: sessions is not defined
    at initModels (C:\Users\homehome\Desktop\projects\rsppproject\models\init-models.js:69:5)
    at Object.<anonymous> (C:\Users\homehome\Desktop\projects\rsppproject\sequelManager.js:20:13)
    at Module._compile (node:internal/modules/cjs/loader:1254:14)
    at Module._extensions..js (node:internal/modules/cjs/loader:1308:10)
    at Module.load (node:internal/modules/cjs/loader:1117:32)
    at Module._load (node:internal/modules/cjs/loader:958:12)
    at Module.require (node:internal/modules/cjs/loader:1141:19)
    at require (node:internal/modules/cjs/helpers:110:18)
    at Object.<anonymous> (C:\Users\homehome\Desktop\projects\rsppproject\index.js:20:16)
    at Module._compile (node:internal/modules/cjs/loader:1254:14)
2023-09-08 23:24:51 [RSPPProject] error: uncaughtException: sessions is not defined
ReferenceError: sessions is not defined
    at initModels (C:\Users\homehome\Desktop\projects\rsppproject\models\init-models.js:68:5)
    at Object.<anonymous> (C:\Users\homehome\Desktop\projects\rsppproject\sequelManager.js:20:13)
    at Module._compile (node:internal/modules/cjs/loader:1254:14)
    at Module._extensions..js (node:internal/modules/cjs/loader:1308:10)
    at Module.load (node:internal/modules/cjs/loader:1117:32)
    at Module._load (node:internal/modules/cjs/loader:958:12)
    at Module.require (node:internal/modules/cjs/loader:1141:19)
    at require (node:internal/modules/cjs/helpers:110:18)
    at Object.<anonymous> (C:\Users\homehome\Desktop\projects\rsppproject\index.js:20:16)
    at Module._compile (node:internal/modules/cjs/loader:1254:14)
2023-09-08 23:25:01 [RSPPProject] error: uncaughtException: sessions is not defined
ReferenceError: sessions is not defined
    at initModels (C:\Users\homehome\Desktop\projects\rsppproject\models\init-models.js:68:5)
    at Object.<anonymous> (C:\Users\homehome\Desktop\projects\rsppproject\sequelManager.js:20:13)
    at Module._compile (node:internal/modules/cjs/loader:1254:14)
    at Module._extensions..js (node:internal/modules/cjs/loader:1308:10)
    at Module.load (node:internal/modules/cjs/loader:1117:32)
    at Module._load (node:internal/modules/cjs/loader:958:12)
    at Module.require (node:internal/modules/cjs/loader:1141:19)
    at require (node:internal/modules/cjs/helpers:110:18)
    at Object.<anonymous> (C:\Users\homehome\Desktop\projects\rsppproject\index.js:20:16)
    at Module._compile (node:internal/modules/cjs/loader:1254:14)
2023-09-08 23:25:24 [RSPPProject] error: uncaughtException: sessions is not defined
ReferenceError: sessions is not defined
    at initModels (C:\Users\homehome\Desktop\projects\rsppproject\models\init-models.js:67:5)
    at Object.<anonymous> (C:\Users\homehome\Desktop\projects\rsppproject\sequelManager.js:20:13)
    at Module._compile (node:internal/modules/cjs/loader:1254:14)
    at Module._extensions..js (node:internal/modules/cjs/loader:1308:10)
    at Module.load (node:internal/modules/cjs/loader:1117:32)
    at Module._load (node:internal/modules/cjs/loader:958:12)
    at Module.require (node:internal/modules/cjs/loader:1141:19)
    at require (node:internal/modules/cjs/helpers:110:18)
    at Object.<anonymous> (C:\Users\homehome\Desktop\projects\rsppproject\index.js:20:16)
    at Module._compile (node:internal/modules/cjs/loader:1254:14)
2023-09-08 23:25:34 [RSPPProject] error: uncaughtException: sessions is not defined
ReferenceError: sessions is not defined
    at initModels (C:\Users\homehome\Desktop\projects\rsppproject\models\init-models.js:67:5)
    at Object.<anonymous> (C:\Users\homehome\Desktop\projects\rsppproject\sequelManager.js:20:13)
    at Module._compile (node:internal/modules/cjs/loader:1254:14)
    at Module._extensions..js (node:internal/modules/cjs/loader:1308:10)
    at Module.load (node:internal/modules/cjs/loader:1117:32)
    at Module._load (node:internal/modules/cjs/loader:958:12)
    at Module.require (node:internal/modules/cjs/loader:1141:19)
    at require (node:internal/modules/cjs/helpers:110:18)
    at Object.<anonymous> (C:\Users\homehome\Desktop\projects\rsppproject\index.js:20:16)
    at Module._compile (node:internal/modules/cjs/loader:1254:14)
2023-09-08 23:25:47 [RSPPProject] error: uncaughtException: sessions is not defined
ReferenceError: sessions is not defined
    at initModels (C:\Users\homehome\Desktop\projects\rsppproject\models\init-models.js:67:5)
    at Object.<anonymous> (C:\Users\homehome\Desktop\projects\rsppproject\sequelManager.js:21:13)
    at Module._compile (node:internal/modules/cjs/loader:1254:14)
    at Module._extensions..js (node:internal/modules/cjs/loader:1308:10)
    at Module.load (node:internal/modules/cjs/loader:1117:32)
    at Module._load (node:internal/modules/cjs/loader:958:12)
    at Module.require (node:internal/modules/cjs/loader:1141:19)
    at require (node:internal/modules/cjs/helpers:110:18)
    at Object.<anonymous> (C:\Users\homehome\Desktop\projects\rsppproject\index.js:20:16)
    at Module._compile (node:internal/modules/cjs/loader:1254:14)
2023-09-08 23:26:36 [RSPPProject] error: uncaughtException: sessions is not defined
ReferenceError: sessions is not defined
    at initModels (C:\Users\homehome\Desktop\projects\rsppproject\models\init-models.js:67:5)
    at Object.<anonymous> (C:\Users\homehome\Desktop\projects\rsppproject\sequelManager.js:16:14)
    at Module._compile (node:internal/modules/cjs/loader:1254:14)
    at Module._extensions..js (node:internal/modules/cjs/loader:1308:10)
    at Module.load (node:internal/modules/cjs/loader:1117:32)
    at Module._load (node:internal/modules/cjs/loader:958:12)
    at Module.require (node:internal/modules/cjs/loader:1141:19)
    at require (node:internal/modules/cjs/helpers:110:18)
    at Object.<anonymous> (C:\Users\homehome\Desktop\projects\rsppproject\index.js:20:16)
    at Module._compile (node:internal/modules/cjs/loader:1254:14)
2023-09-08 23:26:48 [RSPPProject] error: uncaughtException: sessions is not defined
ReferenceError: sessions is not defined
    at initModels (C:\Users\homehome\Desktop\projects\rsppproject\models\init-models.js:67:5)
    at Object.<anonymous> (C:\Users\homehome\Desktop\projects\rsppproject\sequelManager.js:16:14)
    at Module._compile (node:internal/modules/cjs/loader:1254:14)
    at Module._extensions..js (node:internal/modules/cjs/loader:1308:10)
    at Module.load (node:internal/modules/cjs/loader:1117:32)
    at Module._load (node:internal/modules/cjs/loader:958:12)
    at Module.require (node:internal/modules/cjs/loader:1141:19)
    at require (node:internal/modules/cjs/helpers:110:18)
    at Object.<anonymous> (C:\Users\homehome\Desktop\projects\rsppproject\index.js:20:16)
    at Module._compile (node:internal/modules/cjs/loader:1254:14)
2023-09-08 23:26:56 [RSPPProject] error: uncaughtException: sessions is not defined
ReferenceError: sessions is not defined
    at initModels (C:\Users\homehome\Desktop\projects\rsppproject\models\init-models.js:67:5)
    at Object.<anonymous> (C:\Users\homehome\Desktop\projects\rsppproject\sequelManager.js:16:14)
    at Module._compile (node:internal/modules/cjs/loader:1254:14)
    at Module._extensions..js (node:internal/modules/cjs/loader:1308:10)
    at Module.load (node:internal/modules/cjs/loader:1117:32)
    at Module._load (node:internal/modules/cjs/loader:958:12)
    at Module.require (node:internal/modules/cjs/loader:1141:19)
    at require (node:internal/modules/cjs/helpers:110:18)
    at Object.<anonymous> (C:\Users\homehome\Desktop\projects\rsppproject\index.js:20:16)
    at Module._compile (node:internal/modules/cjs/loader:1254:14)
2023-09-08 23:27:11 [RSPPProject] error: uncaughtException: sessions is not defined
ReferenceError: sessions is not defined
    at initModels (C:\Users\homehome\Desktop\projects\rsppproject\models\init-models.js:70:5)
    at Object.<anonymous> (C:\Users\homehome\Desktop\projects\rsppproject\sequelManager.js:16:14)
    at Module._compile (node:internal/modules/cjs/loader:1254:14)
    at Module._extensions..js (node:internal/modules/cjs/loader:1308:10)
    at Module.load (node:internal/modules/cjs/loader:1117:32)
    at Module._load (node:internal/modules/cjs/loader:958:12)
    at Module.require (node:internal/modules/cjs/loader:1141:19)
    at require (node:internal/modules/cjs/helpers:110:18)
    at Object.<anonymous> (C:\Users\homehome\Desktop\projects\rsppproject\index.js:20:16)
    at Module._compile (node:internal/modules/cjs/loader:1254:14)
2023-09-08 23:27:41 [RSPPProject] error: uncaughtException: sessions is not defined
ReferenceError: sessions is not defined
    at initModels (C:\Users\homehome\Desktop\projects\rsppproject\models\init-models.js:67:5)
    at Object.<anonymous> (C:\Users\homehome\Desktop\projects\rsppproject\sequelManager.js:16:14)
    at Module._compile (node:internal/modules/cjs/loader:1254:14)
    at Module._extensions..js (node:internal/modules/cjs/loader:1308:10)
    at Module.load (node:internal/modules/cjs/loader:1117:32)
    at Module._load (node:internal/modules/cjs/loader:958:12)
    at Module.require (node:internal/modules/cjs/loader:1141:19)
    at require (node:internal/modules/cjs/helpers:110:18)
    at Object.<anonymous> (C:\Users\homehome\Desktop\projects\rsppproject\index.js:20:16)
    at Module._compile (node:internal/modules/cjs/loader:1254:14)
2023-09-08 23:28:07 [RSPPProject] error: uncaughtException: Unknown attribute "id" passed as targetKey, define this attribute on model "collect" first
Error: Unknown attribute "id" passed as targetKey, define this attribute on model "collect" first
    at new BelongsTo (C:\Users\homehome\Desktop\projects\rsppproject\node_modules\sequelize\lib\associations\belongs-to.js:55:13)
    at ordinarycol.<anonymous> (C:\Users\homehome\Desktop\projects\rsppproject\node_modules\sequelize\lib\associations\mixin.js:70:25)
    at initModels (C:\Users\homehome\Desktop\projects\rsppproject\models\init-models.js:15:15)
    at Object.<anonymous> (C:\Users\homehome\Desktop\projects\rsppproject\sequelManager.js:16:14)
    at Module._compile (node:internal/modules/cjs/loader:1254:14)
    at Module._extensions..js (node:internal/modules/cjs/loader:1308:10)
    at Module.load (node:internal/modules/cjs/loader:1117:32)
    at Module._load (node:internal/modules/cjs/loader:958:12)
    at Module.require (node:internal/modules/cjs/loader:1141:19)
    at require (node:internal/modules/cjs/helpers:110:18)
2023-09-08 23:28:24 [RSPPProject] error: uncaughtException: Unknown attribute "id" passed as targetKey, define this attribute on model "collect" first
Error: Unknown attribute "id" passed as targetKey, define this attribute on model "collect" first
    at new BelongsTo (C:\Users\homehome\Desktop\projects\rsppproject\node_modules\sequelize\lib\associations\belongs-to.js:55:13)
    at ordinarycol.<anonymous> (C:\Users\homehome\Desktop\projects\rsppproject\node_modules\sequelize\lib\associations\mixin.js:70:25)
    at initModels (C:\Users\homehome\Desktop\projects\rsppproject\models\init-models.js:15:15)
    at Object.<anonymous> (C:\Users\homehome\Desktop\projects\rsppproject\sequelManager.js:16:14)
    at Module._compile (node:internal/modules/cjs/loader:1254:14)
    at Module._extensions..js (node:internal/modules/cjs/loader:1308:10)
    at Module.load (node:internal/modules/cjs/loader:1117:32)
    at Module._load (node:internal/modules/cjs/loader:958:12)
    at Module.require (node:internal/modules/cjs/loader:1141:19)
    at require (node:internal/modules/cjs/helpers:110:18)
2023-09-08 23:28:36 [RSPPProject] error: uncaughtException: Unknown attribute "id" passed as targetKey, define this attribute on model "collect" first
Error: Unknown attribute "id" passed as targetKey, define this attribute on model "collect" first
    at new BelongsTo (C:\Users\homehome\Desktop\projects\rsppproject\node_modules\sequelize\lib\associations\belongs-to.js:55:13)
    at ordinarycol.<anonymous> (C:\Users\homehome\Desktop\projects\rsppproject\node_modules\sequelize\lib\associations\mixin.js:70:25)
    at initModels (C:\Users\homehome\Desktop\projects\rsppproject\models\init-models.js:16:15)
    at Object.<anonymous> (C:\Users\homehome\Desktop\projects\rsppproject\sequelManager.js:16:14)
    at Module._compile (node:internal/modules/cjs/loader:1254:14)
    at Module._extensions..js (node:internal/modules/cjs/loader:1308:10)
    at Module.load (node:internal/modules/cjs/loader:1117:32)
    at Module._load (node:internal/modules/cjs/loader:958:12)
    at Module.require (node:internal/modules/cjs/loader:1141:19)
    at require (node:internal/modules/cjs/helpers:110:18)
2023-09-08 23:28:46 [RSPPProject] error: uncaughtException: Unknown attribute "id" passed as targetKey, define this attribute on model "collect" first
Error: Unknown attribute "id" passed as targetKey, define this attribute on model "collect" first
    at new BelongsTo (C:\Users\homehome\Desktop\projects\rsppproject\node_modules\sequelize\lib\associations\belongs-to.js:55:13)
    at ordinarycol.<anonymous> (C:\Users\homehome\Desktop\projects\rsppproject\node_modules\sequelize\lib\associations\mixin.js:70:25)
    at initModels (C:\Users\homehome\Desktop\projects\rsppproject\models\init-models.js:15:15)
    at Object.<anonymous> (C:\Users\homehome\Desktop\projects\rsppproject\sequelManager.js:16:14)
    at Module._compile (node:internal/modules/cjs/loader:1254:14)
    at Module._extensions..js (node:internal/modules/cjs/loader:1308:10)
    at Module.load (node:internal/modules/cjs/loader:1117:32)
    at Module._load (node:internal/modules/cjs/loader:958:12)
    at Module.require (node:internal/modules/cjs/loader:1141:19)
    at require (node:internal/modules/cjs/helpers:110:18)
2023-09-08 23:28:59 [RSPPProject] error: uncaughtException: Unknown attribute "id" passed as targetKey, define this attribute on model "collect" first
Error: Unknown attribute "id" passed as targetKey, define this attribute on model "collect" first
    at new BelongsTo (C:\Users\homehome\Desktop\projects\rsppproject\node_modules\sequelize\lib\associations\belongs-to.js:55:13)
    at proxycol.<anonymous> (C:\Users\homehome\Desktop\projects\rsppproject\node_modules\sequelize\lib\associations\mixin.js:70:25)
    at initModels (C:\Users\homehome\Desktop\projects\rsppproject\models\init-models.js:18:12)
    at Object.<anonymous> (C:\Users\homehome\Desktop\projects\rsppproject\sequelManager.js:16:14)
    at Module._compile (node:internal/modules/cjs/loader:1254:14)
    at Module._extensions..js (node:internal/modules/cjs/loader:1308:10)
    at Module.load (node:internal/modules/cjs/loader:1117:32)
    at Module._load (node:internal/modules/cjs/loader:958:12)
    at Module.require (node:internal/modules/cjs/loader:1141:19)
    at require (node:internal/modules/cjs/helpers:110:18)
2023-09-08 23:29:20 [RSPPProject] error: uncaughtException: sessions is not defined
ReferenceError: sessions is not defined
    at initModels (C:\Users\homehome\Desktop\projects\rsppproject\models\init-models.js:68:5)
    at Object.<anonymous> (C:\Users\homehome\Desktop\projects\rsppproject\sequelManager.js:16:14)
    at Module._compile (node:internal/modules/cjs/loader:1254:14)
    at Module._extensions..js (node:internal/modules/cjs/loader:1308:10)
    at Module.load (node:internal/modules/cjs/loader:1117:32)
    at Module._load (node:internal/modules/cjs/loader:958:12)
    at Module.require (node:internal/modules/cjs/loader:1141:19)
    at require (node:internal/modules/cjs/helpers:110:18)
    at Object.<anonymous> (C:\Users\homehome\Desktop\projects\rsppproject\index.js:20:16)
    at Module._compile (node:internal/modules/cjs/loader:1254:14)
